This is pdfTeX, Version 3.14159265-2.6-1.40.16 (TeX Live 2015/Debian) (preloaded format=pdflatex 2017.11.13)  20 NOV 2017 17:35
entering extended mode
 restricted \write18 enabled.
 %&-line parsing enabled.
**Progress-Report-06-11-17.tex
(./Progress-Report-06-11-17.tex
LaTeX2e <2016/02/01>
Babel <3.9q> and hyphenation patterns for 5 language(s) loaded.
(/usr/share/texlive/texmf-dist/tex/latex/base/report.cls
Document Class: report 2014/09/29 v1.4h Standard LaTeX document class
(/usr/share/texlive/texmf-dist/tex/latex/base/size11.clo
File: size11.clo 2014/09/29 v1.4h Standard LaTeX file (size option)
)
\c@part=\count79
\c@chapter=\count80
\c@section=\count81
\c@subsection=\count82
\c@subsubsection=\count83
\c@paragraph=\count84
\c@subparagraph=\count85
\c@figure=\count86
\c@table=\count87
\abovecaptionskip=\skip41
\belowcaptionskip=\skip42
\bibindent=\dimen102
)
(/usr/share/texlive/texmf-dist/tex/latex/graphics/graphicx.sty
Package: graphicx 2014/10/28 v1.0g Enhanced LaTeX Graphics (DPC,SPQR)

(/usr/share/texlive/texmf-dist/tex/latex/graphics/keyval.sty
Package: keyval 2014/10/28 v1.15 key=value parser (DPC)
\KV@toks@=\toks14
)
(/usr/share/texlive/texmf-dist/tex/latex/graphics/graphics.sty
Package: graphics 2016/01/03 v1.0q Standard LaTeX Graphics (DPC,SPQR)

(/usr/share/texlive/texmf-dist/tex/latex/graphics/trig.sty
Package: trig 2016/01/03 v1.10 sin cos tan (DPC)
)
(/usr/share/texlive/texmf-dist/tex/latex/latexconfig/graphics.cfg
File: graphics.cfg 2010/04/23 v1.9 graphics configuration of TeX Live
)
Package graphics Info: Driver file: pdftex.def on input line 95.

(/usr/share/texlive/texmf-dist/tex/latex/pdftex-def/pdftex.def
File: pdftex.def 2011/05/27 v0.06d Graphics/color for pdfTeX

(/usr/share/texlive/texmf-dist/tex/generic/oberdiek/infwarerr.sty
Package: infwarerr 2010/04/08 v1.3 Providing info/warning/error messages (HO)
)
(/usr/share/texlive/texmf-dist/tex/generic/oberdiek/ltxcmds.sty
Package: ltxcmds 2011/11/09 v1.22 LaTeX kernel commands for general use (HO)
)
\Gread@gobject=\count88
))
\Gin@req@height=\dimen103
\Gin@req@width=\dimen104
)
(/usr/share/texlive/texmf-dist/tex/latex/tools/xr.sty
Package: xr 1994/05/28 v5.02 eXternal References (DPC)
)
(/usr/share/texlive/texmf-dist/tex/latex/hyperref/hyperref.sty
Package: hyperref 2012/11/06 v6.83m Hypertext links for LaTeX

(/usr/share/texlive/texmf-dist/tex/generic/oberdiek/hobsub-hyperref.sty
Package: hobsub-hyperref 2012/05/28 v1.13 Bundle oberdiek, subset hyperref (HO)


(/usr/share/texlive/texmf-dist/tex/generic/oberdiek/hobsub-generic.sty
Package: hobsub-generic 2012/05/28 v1.13 Bundle oberdiek, subset generic (HO)
Package: hobsub 2012/05/28 v1.13 Construct package bundles (HO)
Package hobsub Info: Skipping package `infwarerr' (already loaded).
Package hobsub Info: Skipping package `ltxcmds' (already loaded).
Package: ifluatex 2010/03/01 v1.3 Provides the ifluatex switch (HO)
Package ifluatex Info: LuaTeX not detected.
Package: ifvtex 2010/03/01 v1.5 Detect VTeX and its facilities (HO)
Package ifvtex Info: VTeX not detected.
Package: intcalc 2007/09/27 v1.1 Expandable calculations with integers (HO)
Package: ifpdf 2011/01/30 v2.3 Provides the ifpdf switch (HO)
Package ifpdf Info: pdfTeX in PDF mode is detected.
Package: etexcmds 2011/02/16 v1.5 Avoid name clashes with e-TeX commands (HO)
Package etexcmds Info: Could not find \expanded.
(etexcmds)             That can mean that you are not using pdfTeX 1.50 or
(etexcmds)             that some package has redefined \expanded.
(etexcmds)             In the latter case, load this package earlier.
Package: kvsetkeys 2012/04/25 v1.16 Key value parser (HO)
Package: kvdefinekeys 2011/04/07 v1.3 Define keys (HO)
Package: pdftexcmds 2011/11/29 v0.20 Utility functions of pdfTeX for LuaTeX (HO
)
Package pdftexcmds Info: LuaTeX not detected.
Package pdftexcmds Info: \pdf@primitive is available.
Package pdftexcmds Info: \pdf@ifprimitive is available.
Package pdftexcmds Info: \pdfdraftmode found.
Package: pdfescape 2011/11/25 v1.13 Implements pdfTeX's escape features (HO)
Package: bigintcalc 2012/04/08 v1.3 Expandable calculations on big integers (HO
)
Package: bitset 2011/01/30 v1.1 Handle bit-vector datatype (HO)
Package: uniquecounter 2011/01/30 v1.2 Provide unlimited unique counter (HO)
)
Package hobsub Info: Skipping package `hobsub' (already loaded).
Package: letltxmacro 2010/09/02 v1.4 Let assignment for LaTeX macros (HO)
Package: hopatch 2012/05/28 v1.2 Wrapper for package hooks (HO)
Package: xcolor-patch 2011/01/30 xcolor patch
Package: atveryend 2011/06/30 v1.8 Hooks at the very end of document (HO)
Package atveryend Info: \enddocument detected (standard20110627).
Package: atbegshi 2011/10/05 v1.16 At begin shipout hook (HO)
Package: refcount 2011/10/16 v3.4 Data extraction from label references (HO)
Package: hycolor 2011/01/30 v1.7 Color options for hyperref/bookmark (HO)
)
(/usr/share/texlive/texmf-dist/tex/generic/ifxetex/ifxetex.sty
Package: ifxetex 2010/09/12 v0.6 Provides ifxetex conditional
)
(/usr/share/texlive/texmf-dist/tex/latex/oberdiek/auxhook.sty
Package: auxhook 2011/03/04 v1.3 Hooks for auxiliary files (HO)
)
(/usr/share/texlive/texmf-dist/tex/latex/oberdiek/kvoptions.sty
Package: kvoptions 2011/06/30 v3.11 Key value format for package options (HO)
)
\@linkdim=\dimen105
\Hy@linkcounter=\count89
\Hy@pagecounter=\count90

(/usr/share/texlive/texmf-dist/tex/latex/hyperref/pd1enc.def
File: pd1enc.def 2012/11/06 v6.83m Hyperref: PDFDocEncoding definition (HO)
)
\Hy@SavedSpaceFactor=\count91

(/usr/share/texlive/texmf-dist/tex/latex/latexconfig/hyperref.cfg
File: hyperref.cfg 2002/06/06 v1.2 hyperref configuration of TeXLive
)
Package hyperref Info: Hyper figures OFF on input line 4443.
Package hyperref Info: Link nesting OFF on input line 4448.
Package hyperref Info: Hyper index ON on input line 4451.
Package hyperref Info: Plain pages OFF on input line 4458.
Package hyperref Info: Backreferencing OFF on input line 4463.
Package hyperref Info: Implicit mode ON; LaTeX internals redefined.
Package hyperref Info: Bookmarks ON on input line 4688.
\c@Hy@tempcnt=\count92

(/usr/share/texlive/texmf-dist/tex/latex/url/url.sty
\Urlmuskip=\muskip10
Package: url 2013/09/16  ver 3.4  Verb mode for urls, etc.
)
LaTeX Info: Redefining \url on input line 5041.
\XeTeXLinkMargin=\dimen106
\Fld@menulength=\count93
\Field@Width=\dimen107
\Fld@charsize=\dimen108
Package hyperref Info: Hyper figures OFF on input line 6295.
Package hyperref Info: Link nesting OFF on input line 6300.
Package hyperref Info: Hyper index ON on input line 6303.
Package hyperref Info: backreferencing OFF on input line 6310.
Package hyperref Info: Link coloring OFF on input line 6315.
Package hyperref Info: Link coloring with OCG OFF on input line 6320.
Package hyperref Info: PDF/A mode OFF on input line 6325.
LaTeX Info: Redefining \ref on input line 6365.
LaTeX Info: Redefining \pageref on input line 6369.
\Hy@abspage=\count94
\c@Item=\count95
\c@Hfootnote=\count96
)

Package hyperref Message: Driver (autodetected): hpdftex.

(/usr/share/texlive/texmf-dist/tex/latex/hyperref/hpdftex.def
File: hpdftex.def 2012/11/06 v6.83m Hyperref driver for pdfTeX
\Fld@listcount=\count97
\c@bookmark@seq@number=\count98

(/usr/share/texlive/texmf-dist/tex/latex/oberdiek/rerunfilecheck.sty
Package: rerunfilecheck 2011/04/15 v1.7 Rerun checks for auxiliary files (HO)
Package uniquecounter Info: New unique counter `rerunfilecheck' on input line 2
82.
)
\Hy@SectionHShift=\skip43
)
(/usr/share/texlive/texmf-dist/tex/latex/geometry/geometry.sty
Package: geometry 2010/09/12 v5.6 Page Geometry
\Gm@cnth=\count99
\Gm@cntv=\count100
\c@Gm@tempcnt=\count101
\Gm@bindingoffset=\dimen109
\Gm@wd@mp=\dimen110
\Gm@odd@mp=\dimen111
\Gm@even@mp=\dimen112
\Gm@layoutwidth=\dimen113
\Gm@layoutheight=\dimen114
\Gm@layouthoffset=\dimen115
\Gm@layoutvoffset=\dimen116
\Gm@dimlist=\toks15
)
(/usr/share/texlive/texmf-dist/tex/latex/booktabs/booktabs.sty
Package: booktabs 2005/04/14 v1.61803 publication quality tables
\heavyrulewidth=\dimen117
\lightrulewidth=\dimen118
\cmidrulewidth=\dimen119
\belowrulesep=\dimen120
\belowbottomsep=\dimen121
\aboverulesep=\dimen122
\abovetopsep=\dimen123
\cmidrulesep=\dimen124
\cmidrulekern=\dimen125
\defaultaddspace=\dimen126
\@cmidla=\count102
\@cmidlb=\count103
\@aboverulesep=\dimen127
\@belowrulesep=\dimen128
\@thisruleclass=\count104
\@lastruleclass=\count105
\@thisrulewidth=\dimen129
)
(./Progress-Report-06-11-17.aux)
\openout1 = `Progress-Report-06-11-17.aux'.

LaTeX Font Info:    Checking defaults for OML/cmm/m/it on input line 15.
LaTeX Font Info:    ... okay on input line 15.
LaTeX Font Info:    Checking defaults for T1/cmr/m/n on input line 15.
LaTeX Font Info:    ... okay on input line 15.
LaTeX Font Info:    Checking defaults for OT1/cmr/m/n on input line 15.
LaTeX Font Info:    ... okay on input line 15.
LaTeX Font Info:    Checking defaults for OMS/cmsy/m/n on input line 15.
LaTeX Font Info:    ... okay on input line 15.
LaTeX Font Info:    Checking defaults for OMX/cmex/m/n on input line 15.
LaTeX Font Info:    ... okay on input line 15.
LaTeX Font Info:    Checking defaults for U/cmr/m/n on input line 15.
LaTeX Font Info:    ... okay on input line 15.
LaTeX Font Info:    Checking defaults for PD1/pdf/m/n on input line 15.
LaTeX Font Info:    ... okay on input line 15.

(/usr/share/texlive/texmf-dist/tex/context/base/supp-pdf.mkii
[Loading MPS to PDF converter (version 2006.09.02).]
\scratchcounter=\count106
\scratchdimen=\dimen130
\scratchbox=\box26
\nofMPsegments=\count107
\nofMParguments=\count108
\everyMPshowfont=\toks16
\MPscratchCnt=\count109
\MPscratchDim=\dimen131
\MPnumerator=\count110
\makeMPintoPDFobject=\count111
\everyMPtoPDFconversion=\toks17
) (/usr/share/texlive/texmf-dist/tex/latex/oberdiek/epstopdf-base.sty
Package: epstopdf-base 2010/02/09 v2.5 Base part for package epstopdf

(/usr/share/texlive/texmf-dist/tex/latex/oberdiek/grfext.sty
Package: grfext 2010/08/19 v1.1 Manage graphics extensions (HO)
)
Package grfext Info: Graphics extension search list:
(grfext)             [.png,.pdf,.jpg,.mps,.jpeg,.jbig2,.jb2,.PNG,.PDF,.JPG,.JPE
G,.JBIG2,.JB2,.eps]
(grfext)             \AppendGraphicsExtensions on input line 452.

(/usr/share/texlive/texmf-dist/tex/latex/latexconfig/epstopdf-sys.cfg
File: epstopdf-sys.cfg 2010/07/13 v1.3 Configuration of (r)epstopdf for TeX Liv
e
))
\AtBeginShipoutBox=\box27
Package hyperref Info: Link coloring OFF on input line 15.

(/usr/share/texlive/texmf-dist/tex/latex/hyperref/nameref.sty
Package: nameref 2012/10/27 v2.43 Cross-referencing by name of section

(/usr/share/texlive/texmf-dist/tex/generic/oberdiek/gettitlestring.sty
Package: gettitlestring 2010/12/03 v1.4 Cleanup title references (HO)
)
\c@section@level=\count112
)
LaTeX Info: Redefining \ref on input line 15.
LaTeX Info: Redefining \pageref on input line 15.
LaTeX Info: Redefining \nameref on input line 15.

(./Progress-Report-06-11-17.out) (./Progress-Report-06-11-17.out)
\@outlinefile=\write3
\openout3 = `Progress-Report-06-11-17.out'.


*geometry* driver: auto-detecting
*geometry* detected driver: pdftex
*geometry* verbose mode - [ preamble ] result:
* driver: pdftex
* paper: <default>
* layout: <same size as paper>
* layoutoffset:(h,v)=(0.0pt,0.0pt)
* modes: 
* h-part:(L,W,R)=(72.26999pt, 469.75502pt, 72.26999pt)
* v-part:(T,H,B)=(72.26999pt, 650.43001pt, 72.26999pt)
* \paperwidth=614.295pt
* \paperheight=794.96999pt
* \textwidth=469.75502pt
* \textheight=650.43001pt
* \oddsidemargin=0.0pt
* \evensidemargin=0.0pt
* \topmargin=-37.0pt
* \headheight=12.0pt
* \headsep=25.0pt
* \topskip=11.0pt
* \footskip=30.0pt
* \marginparwidth=59.0pt
* \marginparsep=10.0pt
* \columnsep=10.0pt
* \skip\footins=10.0pt plus 4.0pt minus 2.0pt
* \hoffset=0.0pt
* \voffset=0.0pt
* \mag=1000
* \@twocolumnfalse
* \@twosidefalse
* \@mparswitchfalse
* \@reversemarginfalse
* (1in=72.27pt=25.4mm, 1cm=28.453pt)


Underfull \hbox (badness 10000) in paragraph at lines 28--29

 []

<Figures/Circuit_4.pdf, id=4, 597.51233pt x 845.0471pt>
File: Figures/Circuit_4.pdf Graphic file (type pdf)

<use Figures/Circuit_4.pdf>
Package pdftex.def Info: Figures/Circuit_4.pdf used on input line 33.
(pdftex.def)             Requested size: 298.75543pt x 223.35373pt.
 [1

{/var/lib/texmf/fonts/map/pdftex/updmap/pdftex.map} <./Figures/Circuit_4.pdf>]
<Figures/MC_firing_rate_C4.pdf, id=22, 1806.75pt x 1806.75pt>
File: Figures/MC_firing_rate_C4.pdf Graphic file (type pdf)

<use Figures/MC_firing_rate_C4.pdf>
Package pdftex.def Info: Figures/MC_firing_rate_C4.pdf used on input line 43.
(pdftex.def)             Requested size: 542.02919pt x 542.02919pt.

Overfull \hbox (72.27417pt too wide) in paragraph at lines 43--44
 [][] 
 []

[2 <./Figures/MC_firing_rate_C4.pdf>]
<Figures/MC_latencies_C4.pdf, id=68, 1806.75pt x 1806.75pt>
File: Figures/MC_latencies_C4.pdf Graphic file (type pdf)

<use Figures/MC_latencies_C4.pdf>
Package pdftex.def Info: Figures/MC_latencies_C4.pdf used on input line 53.
(pdftex.def)             Requested size: 542.02919pt x 542.02919pt.

Overfull \hbox (72.27417pt too wide) in paragraph at lines 53--54
 [][] 
 []

<Figures/Circuit_1.pdf, id=70, 597.51233pt x 845.0471pt>
File: Figures/Circuit_1.pdf Graphic file (type pdf)

<use Figures/Circuit_1.pdf>
Package pdftex.def Info: Figures/Circuit_1.pdf used on input line 65.
(pdftex.def)             Requested size: 298.75543pt x 223.35373pt.
 [3 <./Figures/MC_latencies_C4.pdf>]
<Figures/Circuit_2.pdf, id=118, 597.51233pt x 845.0471pt>
File: Figures/Circuit_2.pdf Graphic file (type pdf)

<use Figures/Circuit_2.pdf>
Package pdftex.def Info: Figures/Circuit_2.pdf used on input line 72.
(pdftex.def)             Requested size: 298.75543pt x 251.80641pt.
 [4 <./Figures/Circuit_1.pdf> <./Figures/Circuit_2.pdf>] <Figures/Circuit_3.pdf
, id=136, 597.51233pt x 845.0471pt>
File: Figures/Circuit_3.pdf Graphic file (type pdf)

<use Figures/Circuit_3.pdf>
Package pdftex.def Info: Figures/Circuit_3.pdf used on input line 80.
(pdftex.def)             Requested size: 298.75543pt x 251.80641pt.
 [5 <./Figures/Circuit_3.pdf>]
<Figures/MC_firing_rate.pdf, id=150, 1806.75pt x 1806.75pt>
File: Figures/MC_firing_rate.pdf Graphic file (type pdf)

<use Figures/MC_firing_rate.pdf>
Package pdftex.def Info: Figures/MC_firing_rate.pdf used on input line 90.
(pdftex.def)             Requested size: 542.02919pt x 542.02919pt.

Overfull \hbox (72.27417pt too wide) in paragraph at lines 90--91
 [][] 
 []

<Figures/MC_latencies.pdf, id=151, 1806.75pt x 1806.75pt>
File: Figures/MC_latencies.pdf Graphic file (type pdf)

<use Figures/MC_latencies.pdf>
Package pdftex.def Info: Figures/MC_latencies.pdf used on input line 97.
(pdftex.def)             Requested size: 542.02919pt x 542.02919pt.

Overfull \hbox (72.27417pt too wide) in paragraph at lines 97--98
 [][] 
 []

[6 <./Figures/MC_firing_rate.pdf>]
Package epstopdf Info: Source file: <Figures/MC_Soma_firing_rate_circuit_4.eps>

(epstopdf)                    date: 2017-11-20 11:29:00
(epstopdf)                    size: 36979 bytes
(epstopdf)             Output file: <Figures/MC_Soma_firing_rate_circuit_4-eps-
converted-to.pdf>
(epstopdf)                    date: 2017-11-20 15:30:56
(epstopdf)                    size: 23054 bytes
(epstopdf)             Command: <repstopdf --outfile=Figures/MC_Soma_firing_rat
e_circuit_4-eps-converted-to.pdf Figures/MC_Soma_firing_rate_circuit_4.eps>
(epstopdf)             \includegraphics on input line 109.
Package epstopdf Info: Output file is already uptodate.

<Figures/MC_Soma_firing_rate_circuit_4-eps-converted-to.pdf, id=199, 2529.45pt 
x 1806.75pt>
File: Figures/MC_Soma_firing_rate_circuit_4-eps-converted-to.pdf Graphic file (
type pdf)
 <use Figures/MC_Soma_firing_rate_circuit_4-eps-converted-to.pdf>
Package pdftex.def Info: Figures/MC_Soma_firing_rate_circuit_4-eps-converted-to
.pdf used on input line 109.
(pdftex.def)             Requested size: 469.75502pt x 335.53925pt.

[7 <./Figures/MC_latencies.pdf>]
Package epstopdf Info: Source file: <Figures/MC_Soma_latencies_vs_strength_circ
uit_4.eps>
(epstopdf)                    date: 2017-11-20 15:35:29
(epstopdf)                    size: 35714 bytes
(epstopdf)             Output file: <Figures/MC_Soma_latencies_vs_strength_circ
uit_4-eps-converted-to.pdf>
(epstopdf)                    date: 2017-11-20 15:35:46
(epstopdf)                    size: 22064 bytes
(epstopdf)             Command: <repstopdf --outfile=Figures/MC_Soma_latencies_
vs_strength_circuit_4-eps-converted-to.pdf Figures/MC_Soma_latencies_vs_strengt
h_circuit_4.eps>
(epstopdf)             \includegraphics on input line 118.
Package epstopdf Info: Output file is already uptodate.

<Figures/MC_Soma_latencies_vs_strength_circuit_4-eps-converted-to.pdf, id=251, 
2529.45pt x 1806.75pt>
File: Figures/MC_Soma_latencies_vs_strength_circuit_4-eps-converted-to.pdf Grap
hic file (type pdf)

<use Figures/MC_Soma_latencies_vs_strength_circuit_4-eps-converted-to.pdf>
Package pdftex.def Info: Figures/MC_Soma_latencies_vs_strength_circuit_4-eps-co
nverted-to.pdf used on input line 118.
(pdftex.def)             Requested size: 469.75502pt x 335.53925pt.
LaTeX Font Info:    External font `cmex10' loaded for size
(Font)              <10.95> on input line 127.
LaTeX Font Info:    External font `cmex10' loaded for size
(Font)              <8> on input line 127.
LaTeX Font Info:    External font `cmex10' loaded for size
(Font)              <6> on input line 127.

[8 <./Figures/MC_Soma_firing_rate_circuit_4-eps-converted-to.pdf>]
Overfull \hbox (30.6302pt too wide) in paragraph at lines 149--150
\OT1/cmr/m/n/10.95 ues for strength [0.3,0.32,0.35,0.58,0.6] and the 5 dif-fer-
ent val-ues for fre-quency [5.78,8.21,15.53,31.98,33.17].
 []

[9 <./Figures/MC_Soma_latencies_vs_strength_circuit_4-eps-converted-to.pdf>]
Package atveryend Info: Empty hook `BeforeClearDocument' on input line 193.

[10]
Package atveryend Info: Empty hook `AfterLastShipout' on input line 193.
 (./Progress-Report-06-11-17.aux)
Package atveryend Info: Executing hook `AtVeryEndDocument' on input line 193.
Package atveryend Info: Executing hook `AtEndAfterFileList' on input line 193.
Package rerunfilecheck Info: File `Progress-Report-06-11-17.out' has not change
d.
(rerunfilecheck)             Checksum: D41D8CD98F00B204E9800998ECF8427E;0.
Package atveryend Info: Empty hook `AtVeryVeryEnd' on input line 193.
 ) 
Here is how much of TeX's memory you used:
 5682 strings out of 494910
 85043 string characters out of 6179835
 168722 words of memory out of 5000000
 8899 multiletter control sequences out of 15000+600000
 7591 words of font info for 27 fonts, out of 8000000 for 9000
 36 hyphenation exceptions out of 8191
 29i,8n,29p,404b,350s stack positions out of 5000i,500n,10000p,200000b,80000s
</usr/share/texlive/texmf-dist/fonts/type1/public/amsfonts/cm/cmbx10.pfb></us
r/share/texlive/texmf-dist/fonts/type1/public/amsfonts/cm/cmbx12.pfb></usr/shar
e/texlive/texmf-dist/fonts/type1/public/amsfonts/cm/cmex10.pfb></usr/share/texl
ive/texmf-dist/fonts/type1/public/amsfonts/cm/cmmi10.pfb></usr/share/texlive/te
xmf-dist/fonts/type1/public/amsfonts/cm/cmmi8.pfb></usr/share/texlive/texmf-dis
t/fonts/type1/public/amsfonts/cm/cmr10.pfb></usr/share/texlive/texmf-dist/fonts
/type1/public/amsfonts/cm/cmr17.pfb></usr/share/texlive/texmf-dist/fonts/type1/
public/amsfonts/cm/cmr8.pfb></usr/share/texlive/texmf-dist/fonts/type1/public/a
msfonts/cm/cmsy10.pfb>
Output written on Progress-Report-06-11-17.pdf (10 pages, 268295 bytes).
PDF statistics:
 391 PDF objects out of 1000 (max. 8388607)
 139 compressed objects within 2 object streams
 27 named destinations out of 1000 (max. 500000)
 75 words of extra memory for PDF output out of 10000 (max. 10000000)

